<?xml version="1.0" encoding="UTF-8"?>
<!-- Generated by org.testng.reporters.JUnitXMLReporter -->
<testsuite ignored="0" hostname="DESKTOP-8B8PBF3" failures="0" tests="4" name="Default test" time="41.265" errors="0" timestamp="2024-10-28T18:10:56 IST">
  <testcase classname="dataprovider.LoginTest" name="loginTest" time="3.243"/>
  <testcase classname="dataprovider.LoginTest" name="loginTest" time="3.88"/>
  <testcase classname="dataprovider.LoginTest" name="loginTest" time="4.434"/>
  <testcase classname="dataprovider.LoginTest" name="loginTest" time="5.989"/>
</testsuite> <!-- Default test -->
