<?xml version="1.0" encoding="UTF-8"?>
<!-- Generated by org.testng.reporters.JUnitXMLReporter -->
<testsuite ignored="0" hostname="DESKTOP-8B8PBF3" failures="0" tests="6" name="Test" time="65.27" errors="0" timestamp="2024-06-28T14:18:58 IST">
  <testcase classname="dataprovider.DataProiveder_betweentheclass" name="useData" time="22.225"/>
  <testcase classname="dataprovider.DataProiveder_betweentheclass" name="useData" time="21.257"/>
  <testcase classname="dataprovider.DataProiveder_betweentheclass" name="useData" time="21.712"/>
  <testcase classname="dataprovider.Dataprovider_Class" name="useData" time="0.001"/>
  <testcase classname="dataprovider.Dataprovider_Class" name="useData" time="0.0"/>
  <testcase classname="dataprovider.Dataprovider_Class" name="useData" time="0.01"/>
</testsuite> <!-- Test -->
