<?xml version="1.0" encoding="UTF-8"?>
<!-- Generated by org.testng.reporters.JUnitXMLReporter -->
<testsuite ignored="6" hostname="LAPTOP-67JBRTJA" failures="0" tests="5" name="MultiplePackageTestNG" time="0.052" errors="0" timestamp="2024-06-12T16:48:00 IST">
  <testcase classname="package3_LoanModule.Pim_module_Test" name="Employee_List_Module_Test" time="0.007"/>
  <testcase classname="package3_LoanModule.Pim_module_Test" name="Employee_List_Add_Test" time="0.002"/>
  <testcase classname="package3_LoanModule.Pim_module_Test" name="Employee_List_EmployeeSearch_Test" time="0.001"/>
  <testcase classname="package4_logoutMoudle.Logout_module_Test" name="logout_Profile_Test" time="0.001"/>
  <testcase classname="package4_logoutMoudle.Logout_module_Test" name="logout_Profile_logout_Test" time="0.001"/>
  <testcase classname="package2_HomeModule.HomeModule_Test" name="HomeModule_PimStory_Test" time="0.0">
    <ignored/>
  </testcase> <!-- HomeModule_PimStory_Test -->
  <testcase classname="package2_HomeModule.HomeModule_Test" name="HomeModule_AdminStory_Test" time="0.0">
    <ignored/>
  </testcase> <!-- HomeModule_AdminStory_Test -->
  <testcase classname="package2_HomeModule.HomeModule_Test" name="HomeModule_Leave_Test" time="0.0">
    <ignored/>
  </testcase> <!-- HomeModule_Leave_Test -->
  <testcase classname="package1_SigninModule.Signin_Module_Test" name="Signin_LoginButton_Test" time="0.0">
    <ignored/>
  </testcase> <!-- Signin_LoginButton_Test -->
  <testcase classname="package1_SigninModule.Signin_Module_Test" name="Signin_Password_Test" time="0.0">
    <ignored/>
  </testcase> <!-- Signin_Password_Test -->
  <testcase classname="package1_SigninModule.Signin_Module_Test" name="Signin_UserName_Test" time="0.0">
    <ignored/>
  </testcase> <!-- Signin_UserName_Test -->
</testsuite> <!-- MultiplePackageTestNG -->
